2025-07-29T02:19:05.875+09:00  INFO 83617 --- [BenriyaHomePage] [Test worker] c.e.homepage.HomePageApplicationTests    : Starting HomePageApplicationTests using Java 21.0.8 with PID 83617 (started by kajikaji in /Users/kajikaji/IdeaProjects/BenriyaHomePage)
2025-07-29T02:19:05.877+09:00 DEBUG 83617 --- [BenriyaHomePage] [Test worker] c.e.homepage.HomePageApplicationTests    : Running with Spring Boot v3.5.3, Spring v6.2.8
2025-07-29T02:19:05.878+09:00  INFO 83617 --- [BenriyaHomePage] [Test worker] c.e.homepage.HomePageApplicationTests    : The following 1 profile is active: "test"
2025-07-29T02:19:06.075+09:00  INFO 83617 --- [BenriyaHomePage] [Test worker] .s.d.r.c.RepositoryConfigurationDelegate : Bootstrapping Spring Data JPA repositories in DEFAULT mode.
2025-07-29T02:19:06.091+09:00  INFO 83617 --- [BenriyaHomePage] [Test worker] .s.d.r.c.RepositoryConfigurationDelegate : Finished Spring Data repository scanning in 13 ms. Found 1 JPA repository interface.
2025-07-29T02:19:06.206+09:00  INFO 83617 --- [BenriyaHomePage] [Test worker] o.hibernate.jpa.internal.util.LogHelper  : HHH000204: Processing PersistenceUnitInfo [name: default]
2025-07-29T02:19:06.220+09:00  INFO 83617 --- [BenriyaHomePage] [Test worker] org.hibernate.Version                    : HHH000412: Hibernate ORM core version 6.6.18.Final
2025-07-29T02:19:06.230+09:00  INFO 83617 --- [BenriyaHomePage] [Test worker] o.h.c.internal.RegionFactoryInitiator    : HHH000026: Second-level cache disabled
2025-07-29T02:19:06.314+09:00  INFO 83617 --- [BenriyaHomePage] [Test worker] o.s.o.j.p.SpringPersistenceUnitInfo      : No LoadTimeWeaver setup: ignoring JPA class transformer
2025-07-29T02:19:06.323+09:00  INFO 83617 --- [BenriyaHomePage] [Test worker] com.zaxxer.hikari.HikariDataSource       : HikariPool-1 - Starting...
2025-07-29T02:19:06.390+09:00  INFO 83617 --- [BenriyaHomePage] [Test worker] com.zaxxer.hikari.pool.HikariPool        : HikariPool-1 - Added connection conn0: url=jdbc:h2:mem:testdb user=SA
2025-07-29T02:19:06.391+09:00  INFO 83617 --- [BenriyaHomePage] [Test worker] com.zaxxer.hikari.HikariDataSource       : HikariPool-1 - Start completed.
2025-07-29T02:19:06.399+09:00  WARN 83617 --- [BenriyaHomePage] [Test worker] org.hibernate.orm.deprecation            : HHH90000025: H2Dialect does not need to be specified explicitly using 'hibernate.dialect' (remove the property setting and it will be selected by default)
2025-07-29T02:19:06.405+09:00  INFO 83617 --- [BenriyaHomePage] [Test worker] org.hibernate.orm.connections.pooling    : HHH10001005: Database info:
	Database JDBC URL [Connecting through datasource 'HikariDataSource (HikariPool-1)']
	Database driver: undefined/unknown
	Database version: 2.3.232
	Autocommit mode: undefined/unknown
	Isolation level: undefined/unknown
	Minimum pool size: undefined/unknown
	Maximum pool size: undefined/unknown
2025-07-29T02:19:06.650+09:00  INFO 83617 --- [BenriyaHomePage] [Test worker] o.h.e.t.j.p.i.JtaPlatformInitiator       : HHH000489: No JTA platform available (set 'hibernate.transaction.jta.platform' to enable JTA platform integration)
2025-07-29T02:19:06.661+09:00  INFO 83617 --- [BenriyaHomePage] [Test worker] j.LocalContainerEntityManagerFactoryBean : Initialized JPA EntityManagerFactory for persistence unit 'default'
2025-07-29T02:19:06.767+09:00  WARN 83617 --- [BenriyaHomePage] [Test worker] JpaBaseConfiguration$JpaWebConfiguration : spring.jpa.open-in-view is enabled by default. Therefore, database queries may be performed during view rendering. Explicitly configure spring.jpa.open-in-view to disable this warning
2025-07-29T02:19:06.775+09:00  INFO 83617 --- [BenriyaHomePage] [Test worker] o.s.b.a.w.s.WelcomePageHandlerMapping    : Adding welcome page template: index
2025-07-29T02:19:06.899+09:00  INFO 83617 --- [BenriyaHomePage] [Test worker] c.e.homepage.HomePageApplicationTests    : Started HomePageApplicationTests in 1.112 seconds (process running for 1.489)
2025-07-29T02:19:07.136+09:00  INFO 83617 --- [BenriyaHomePage] [SpringApplicationShutdownHook] j.LocalContainerEntityManagerFactoryBean : Closing JPA EntityManagerFactory for persistence unit 'default'
2025-07-29T02:19:07.138+09:00  INFO 83617 --- [BenriyaHomePage] [SpringApplicationShutdownHook] com.zaxxer.hikari.HikariDataSource       : HikariPool-1 - Shutdown initiated...
2025-07-29T02:19:07.139+09:00  INFO 83617 --- [BenriyaHomePage] [SpringApplicationShutdownHook] com.zaxxer.hikari.HikariDataSource       : HikariPool-1 - Shutdown completed.
